This is pdfTeX, Version 3.141592653-2.6-1.40.29 (MiKTeX 26.2) (preloaded format=pdflatex 2026.4.9)  16 APR 2026 19:49
entering extended mode
 restricted \write18 enabled.
 file:line:error style messages enabled.
 %&-line parsing enabled.
**c:/Users/womackow/Zbiorczy/_WIN_AI_AGH_/WIN_sem_1/UMISI-sem1-Matrix-Calculus/l3/LaTeX/raport.tex
(c:/Users/womackow/Zbiorczy/_WIN_AI_AGH_/WIN_sem_1/UMISI-sem1-Matrix-Calculus/l3/LaTeX/raport.tex
LaTeX2e <2025-11-01>
L3 programming layer <2026-01-19>

! LaTeX Error: File `template/projectreport.cls' not found.

Type X to quit or <RETURN> to proceed,
or enter new name. (Default extension: cls)

Enter file name: 
c:/Users/womackow/Zbiorczy/_WIN_AI_AGH_/WIN_sem_1/UMISI-sem1-Matrix-Calculus/l3/LaTeX/raport.tex:4: Emergency stop.
<read *> 
         
l.4 ^^M
       
*** (cannot \read from terminal in nonstop modes)

 
Here is how much of TeX's memory you used:
 22 strings out of 467867
 758 string characters out of 5416883
 433759 words of memory out of 5000000
 29005 multiletter control sequences out of 15000+600000
 627721 words of font info for 40 fonts, out of 8000000 for 9000
 1141 hyphenation exceptions out of 8191
 19i,0n,29p,170b,17s stack positions out of 10000i,1000n,20000p,200000b,200000s
c:/Users/womackow/Zbiorczy/_WIN_AI_AGH_/WIN_sem_1/UMISI-sem1-Matrix-Calculus/l3/LaTeX/raport.tex:4:  ==> Fatal error occurred, no output PDF file produced!
